<html>
<head>
<title>TestNG:  CreateCustomerAPITest</title>
<link href="../testng.css" rel="stylesheet" type="text/css" />
<link href="../my-testng.css" rel="stylesheet" type="text/css" />

<style type="text/css">
.log { display: none;} 
.stack-trace { display: none;} 
</style>
<script type="text/javascript">
<!--
function flip(e) {
  current = e.style.display;
  if (current == 'block') {
    e.style.display = 'none';
    return 0;
  }
  else {
    e.style.display = 'block';
    return 1;
  }
}

function toggleBox(szDivId, elem, msg1, msg2)
{
  var res = -1;  if (document.getElementById) {
    res = flip(document.getElementById(szDivId));
  }
  else if (document.all) {
    // this is the way old msie versions work
    res = flip(document.all[szDivId]);
  }
  if(elem) {
    if(res == 0) elem.innerHTML = msg1; else elem.innerHTML = msg2;
  }

}

function toggleAllBoxes() {
  if (document.getElementsByTagName) {
    d = document.getElementsByTagName('div');
    for (i = 0; i < d.length; i++) {
      if (d[i].className == 'log') {
        flip(d[i]);
      }
    }
  }
}

// -->
</script>

</head>
<body>
<h2 align='center'>CreateCustomerAPITest</h2><table border='1' align="center">
<tr>
<td>Tests passed/Failed/Skipped:</td><td>3/1/0</td>
</tr><tr>
<td>Started on:</td><td>Fri Oct 15 19:22:12 IST 2021</td>
</tr>
<tr><td>Total time:</td><td>28 seconds (28027 ms)</td>
</tr><tr>
<td>Included groups:</td><td></td>
</tr><tr>
<td>Excluded groups:</td><td></td>
</tr>
</table><p/>
<small><i>(Hover the method name to see the test class name)</i></small><p/>
<table width='100%' border='1' class='invocation-failed'>
<tr><td colspan='4' align='center'><b>FAILED TESTS</b></td></tr>
<tr><td><b>Test method</b></td>
<td width="30%"><b>Exception</b></td>
<td width="10%"><b>Time (seconds)</b></td>
<td><b>Instance</b></td>
</tr>
<tr>
<td title='testCases.CreateCustomerTest.validateCreateCustomerAPIWithInvalidSecretKey()'><b>validateCreateCustomerAPIWithInvalidSecretKey</b><br>Test class: testCases.CreateCustomerTest<br>Parameters: {email=kiran.arora@gmail.com, name=Kiran Arora, description=this is a 2nd user from Excel Data driven}</td>
<td><div><pre>java.lang.AssertionError: expected [200] but found [401]
	at testCases.CreateCustomerTest.validateCreateCustomerAPIWithInvalidSecretKey(CreateCustomerTest.java:62)
	at java.util.concurrent.FutureTask.run(FutureTask.java:266)
	at java.util.concurrent.Executors$RunnableAdapter.call(Executors.java:511)
	at java.util.concurrent.FutureTask.run(FutureTask.java:266)
	at java.util.concurrent.ThreadPoolExecutor.runWorker(ThreadPoolExecutor.java:1149)
	at java.util.concurrent.ThreadPoolExecutor$Worker.run(ThreadPoolExecutor.java:624)
	at java.lang.Thread.run(Thread.java:748)
... Removed 15 stack frames</pre></div><a href='#' onClick='toggleBox("stack-trace1522282666", this, "Click to show all stack frames", "Click to hide stack frames")'>Click to show all stack frames</a>
<div class='stack-trace' id='stack-trace1522282666'><pre>java.lang.AssertionError: expected [200] but found [401]
	at org.testng.Assert.fail(Assert.java:96)
	at org.testng.Assert.failNotEquals(Assert.java:776)
	at org.testng.Assert.assertEqualsImpl(Assert.java:137)
	at org.testng.Assert.assertEquals(Assert.java:118)
	at org.testng.Assert.assertEquals(Assert.java:652)
	at org.testng.Assert.assertEquals(Assert.java:662)
	at testCases.CreateCustomerTest.validateCreateCustomerAPIWithInvalidSecretKey(CreateCustomerTest.java:62)
	at sun.reflect.NativeMethodAccessorImpl.invoke0(Native Method)
	at sun.reflect.NativeMethodAccessorImpl.invoke(NativeMethodAccessorImpl.java:62)
	at sun.reflect.DelegatingMethodAccessorImpl.invoke(DelegatingMethodAccessorImpl.java:43)
	at java.lang.reflect.Method.invoke(Method.java:498)
	at org.testng.internal.MethodInvocationHelper.invokeMethod(MethodInvocationHelper.java:124)
	at org.testng.internal.Invoker.invokeMethod(Invoker.java:583)
	at org.testng.internal.Invoker.invokeTestMethod(Invoker.java:719)
	at org.testng.internal.TestMethodWithDataProviderMethodWorker.call(TestMethodWithDataProviderMethodWorker.java:71)
	at org.testng.internal.TestMethodWithDataProviderMethodWorker.call(TestMethodWithDataProviderMethodWorker.java:14)
	at java.util.concurrent.FutureTask.run(FutureTask.java:266)
	at java.util.concurrent.Executors$RunnableAdapter.call(Executors.java:511)
	at java.util.concurrent.FutureTask.run(FutureTask.java:266)
	at java.util.concurrent.ThreadPoolExecutor.runWorker(ThreadPoolExecutor.java:1149)
	at java.util.concurrent.ThreadPoolExecutor$Worker.run(ThreadPoolExecutor.java:624)
	at java.lang.Thread.run(Thread.java:748)
</pre></div></td>
<td>19</td>
<td>testCases.CreateCustomerTest@791f145a</td></tr>
</table><p>
<table width='100%' border='1' class='invocation-passed'>
<tr><td colspan='4' align='center'><b>PASSED TESTS</b></td></tr>
<tr><td><b>Test method</b></td>
<td width="30%"><b>Exception</b></td>
<td width="10%"><b>Time (seconds)</b></td>
<td><b>Instance</b></td>
</tr>
<tr>
<td title='testCases.CreateCustomerTest.validateCreateCustomerAPIWithValidSecretKey()'><b>validateCreateCustomerAPIWithValidSecretKey</b><br>Test class: testCases.CreateCustomerTest<br>Parameters: {email=Parveen.Kumar@gmail.com, name=Parveen Kumar, description=This is new user with create and delete command together}</td>
<td></td>
<td>6</td>
<td>testCases.CreateCustomerTest@791f145a</td></tr>
<tr>
<td title='testCases.CreateCustomerTest.validateCreateCustomerAPIWithValidSecretKey()'><b>validateCreateCustomerAPIWithValidSecretKey</b><br>Test class: testCases.CreateCustomerTest<br>Parameters: {email=kiran.arora@gmail.com, name=Kiran Arora, description=This is new user with create and delete command together}</td>
<td></td>
<td>6</td>
<td>testCases.CreateCustomerTest@791f145a</td></tr>
<tr>
<td title='testCases.CreateCustomerTest.validateCreateCustomerAPIWithValidSecretKey()'><b>validateCreateCustomerAPIWithValidSecretKey</b><br>Test class: testCases.CreateCustomerTest<br>Parameters: {email=prof.amit.arora@gmail.com, name=Amit Arora, description=This is new user with create and delete command together}</td>
<td></td>
<td>6</td>
<td>testCases.CreateCustomerTest@791f145a</td></tr>
</table><p>
</body>
</html>